<?xml version="1.0" encoding="UTF-8"?>
<coverage generated="1647038848382" clover="3.2.0">
  <project timestamp="1647038848383" name="All files">
    <metrics statements="14" coveredstatements="13" conditionals="21" coveredconditionals="20" methods="5" coveredmethods="5" elements="40" coveredelements="38" complexity="0" loc="14" ncloc="14" packages="1" files="2" classes="2"/>
    <file name="path.js" path="/Users/sams/Desktop/projects/jstest/js/path.js">
      <metrics statements="5" coveredstatements="5" conditionals="8" coveredconditionals="8" methods="3" coveredmethods="3"/>
      <line num="4" count="21" type="stmt"/>
      <line num="7" count="38" type="cond" truecount="4" falsecount="0"/>
      <line num="8" count="18" type="cond" truecount="2" falsecount="0"/>
      <line num="9" count="17" type="stmt"/>
      <line num="12" count="1" type="stmt"/>
    </file>
    <file name="sum.js" path="/Users/sams/Desktop/projects/jstest/js/sum.js">
      <metrics statements="9" coveredstatements="8" conditionals="13" coveredconditionals="12" methods="2" coveredmethods="2"/>
      <line num="3" count="1" type="stmt"/>
      <line num="4" count="9" type="cond" truecount="5" falsecount="1"/>
      <line num="5" count="0" type="stmt"/>
      <line num="6" count="9" type="cond" truecount="2" falsecount="0"/>
      <line num="7" count="8" type="stmt"/>
      <line num="8" count="8" type="cond" truecount="5" falsecount="0"/>
      <line num="9" count="4" type="stmt"/>
      <line num="11" count="4" type="stmt"/>
      <line num="16" count="1" type="stmt"/>
    </file>
  </project>
</coverage>
