<?xml version="1.0" encoding="UTF-8"?>
<coverage generated="1647035581234" clover="3.2.0">
  <project timestamp="1647035581235" name="All files">
    <metrics statements="10" coveredstatements="9" conditionals="13" coveredconditionals="12" methods="2" coveredmethods="2" elements="25" coveredelements="23" complexity="0" loc="10" ncloc="10" packages="1" files="1" classes="1"/>
    <file name="sum.js" path="/Users/sams/Desktop/projects/jstest/js/sum.js">
      <metrics statements="10" coveredstatements="9" conditionals="13" coveredconditionals="12" methods="2" coveredmethods="2"/>
      <line num="3" count="1" type="stmt"/>
      <line num="4" count="10" type="cond" truecount="5" falsecount="1"/>
      <line num="5" count="0" type="stmt"/>
      <line num="6" count="10" type="cond" truecount="2" falsecount="0"/>
      <line num="7" count="8" type="stmt"/>
      <line num="8" count="8" type="cond" truecount="5" falsecount="0"/>
      <line num="9" count="4" type="stmt"/>
      <line num="11" count="4" type="stmt"/>
      <line num="16" count="1" type="stmt"/>
      <line num="18" count="1" type="stmt"/>
    </file>
  </project>
</coverage>
