{"/Users/sams/Desktop/projects/jstest/js/path.js": {"path":"/Users/sams/Desktop/projects/jstest/js/path.js","statementMap":{"0":{"start":{"line":4,"column":11},"end":{"line":10,"column":52}},"1":{"start":{"line":4,"column":28},"end":{"line":10,"column":52}},"2":{"start":{"line":7,"column":12},"end":{"line":7,"column":54}},"3":{"start":{"line":7,"column":45},"end":{"line":7,"column":54}},"4":{"start":{"line":8,"column":12},"end":{"line":8,"column":77}},"5":{"start":{"line":8,"column":51},"end":{"line":8,"column":74}},"6":{"start":{"line":9,"column":12},"end":{"line":9,"column":21}},"7":{"start":{"line":12,"column":0},"end":{"line":12,"column":21}}},"fnMap":{"0":{"name":"(anonymous_0)","decl":{"start":{"line":4,"column":11},"end":{"line":4,"column":12}},"loc":{"start":{"line":4,"column":28},"end":{"line":10,"column":52}},"line":4},"1":{"name":"(anonymous_1)","decl":{"start":{"line":6,"column":16},"end":{"line":6,"column":17}},"loc":{"start":{"line":6,"column":31},"end":{"line":10,"column":9}},"line":6},"2":{"name":"(anonymous_2)","decl":{"start":{"line":8,"column":39},"end":{"line":8,"column":40}},"loc":{"start":{"line":8,"column":51},"end":{"line":8,"column":74}},"line":8}},"branchMap":{"0":{"loc":{"start":{"line":7,"column":12},"end":{"line":7,"column":54}},"type":"if","locations":[{"start":{"line":7,"column":12},"end":{"line":7,"column":54}},{"start":{},"end":{}}],"line":7},"1":{"loc":{"start":{"line":7,"column":16},"end":{"line":7,"column":43}},"type":"binary-expr","locations":[{"start":{"line":7,"column":16},"end":{"line":7,"column":18}},{"start":{"line":7,"column":22},"end":{"line":7,"column":43}}],"line":7},"2":{"loc":{"start":{"line":8,"column":57},"end":{"line":8,"column":65}},"type":"binary-expr","locations":[{"start":{"line":8,"column":57},"end":{"line":8,"column":58}},{"start":{"line":8,"column":62},"end":{"line":8,"column":65}}],"line":8},"3":{"loc":{"start":{"line":10,"column":11},"end":{"line":10,"column":51}},"type":"cond-expr","locations":[{"start":{"line":10,"column":27},"end":{"line":10,"column":46}},{"start":{"line":10,"column":49},"end":{"line":10,"column":51}}],"line":10}},"s":{"0":1,"1":18,"2":34,"3":19,"4":15,"5":17,"6":15,"7":1},"f":{"0":18,"1":34,"2":17},"b":{"0":[19,15],"1":[34,34],"2":[17,7],"3":[11,7]},"_coverageSchema":"1a1c01bbd47fc00a2c39e90264f33305004495a9","hash":"f6ba8c9ae0ffabc072302f5c0b82565095eb137e"}
,"/Users/sams/Desktop/projects/jstest/js/sum.js": {"path":"/Users/sams/Desktop/projects/jstest/js/sum.js","statementMap":{"0":{"start":{"line":3,"column":13},"end":{"line":14,"column":1}},"1":{"start":{"line":4,"column":2},"end":{"line":6,"column":40}},"2":{"start":{"line":5,"column":4},"end":{"line":5,"column":34}},"3":{"start":{"line":6,"column":9},"end":{"line":6,"column":40}},"4":{"start":{"line":6,"column":30},"end":{"line":6,"column":38}},"5":{"start":{"line":7,"column":2},"end":{"line":13,"column":3}},"6":{"start":{"line":8,"column":4},"end":{"line":12,"column":5}},"7":{"start":{"line":9,"column":6},"end":{"line":9,"column":15}},"8":{"start":{"line":11,"column":6},"end":{"line":11,"column":21}},"9":{"start":{"line":16,"column":0},"end":{"line":16,"column":21}}},"fnMap":{"0":{"name":"(anonymous_0)","decl":{"start":{"line":3,"column":13},"end":{"line":3,"column":14}},"loc":{"start":{"line":3,"column":26},"end":{"line":14,"column":1}},"line":3},"1":{"name":"(anonymous_1)","decl":{"start":{"line":7,"column":9},"end":{"line":7,"column":10}},"loc":{"start":{"line":7,"column":22},"end":{"line":13,"column":3}},"line":7}},"branchMap":{"0":{"loc":{"start":{"line":4,"column":2},"end":{"line":6,"column":40}},"type":"if","locations":[{"start":{"line":4,"column":2},"end":{"line":6,"column":40}},{"start":{"line":6,"column":9},"end":{"line":6,"column":40}}],"line":4},"1":{"loc":{"start":{"line":4,"column":6},"end":{"line":4,"column":75}},"type":"binary-expr","locations":[{"start":{"line":4,"column":6},"end":{"line":4,"column":28}},{"start":{"line":4,"column":32},"end":{"line":4,"column":40}},{"start":{"line":4,"column":44},"end":{"line":4,"column":51}},{"start":{"line":4,"column":55},"end":{"line":4,"column":75}}],"line":4},"2":{"loc":{"start":{"line":6,"column":9},"end":{"line":6,"column":40}},"type":"if","locations":[{"start":{"line":6,"column":9},"end":{"line":6,"column":40}},{"start":{},"end":{}}],"line":6},"3":{"loc":{"start":{"line":8,"column":4},"end":{"line":12,"column":5}},"type":"if","locations":[{"start":{"line":8,"column":4},"end":{"line":12,"column":5}},{"start":{"line":10,"column":9},"end":{"line":12,"column":5}}],"line":8},"4":{"loc":{"start":{"line":8,"column":8},"end":{"line":8,"column":59}},"type":"binary-expr","locations":[{"start":{"line":8,"column":8},"end":{"line":8,"column":30}},{"start":{"line":8,"column":34},"end":{"line":8,"column":47}},{"start":{"line":8,"column":51},"end":{"line":8,"column":59}}],"line":8}},"s":{"0":1,"1":9,"2":0,"3":9,"4":1,"5":8,"6":8,"7":4,"8":4,"9":1},"f":{"0":9,"1":8},"b":{"0":[0,9],"1":[9,9,9,9],"2":[1,8],"3":[4,4],"4":[8,8,4]},"_coverageSchema":"1a1c01bbd47fc00a2c39e90264f33305004495a9","hash":"dff20a911e46f6c992d1835ec838971470809f6e"}
}
