TN:
SF:js/path.js
FN:4,(anonymous_0)
FN:6,(anonymous_1)
FN:8,(anonymous_2)
FNF:3
FNH:3
FNDA:18,(anonymous_0)
FNDA:34,(anonymous_1)
FNDA:17,(anonymous_2)
DA:4,18
DA:7,34
DA:8,17
DA:9,15
DA:12,1
LF:5
LH:5
BRDA:7,0,0,19
BRDA:7,0,1,15
BRDA:7,1,0,34
BRDA:7,1,1,34
BRDA:8,2,0,17
BRDA:8,2,1,7
BRDA:10,3,0,11
BRDA:10,3,1,7
BRF:8
BRH:8
end_of_record
TN:
SF:js/sum.js
FN:3,(anonymous_0)
FN:7,(anonymous_1)
FNF:2
FNH:2
FNDA:9,(anonymous_0)
FNDA:8,(anonymous_1)
DA:3,1
DA:4,9
DA:5,0
DA:6,9
DA:7,8
DA:8,8
DA:9,4
DA:11,4
DA:16,1
LF:9
LH:8
BRDA:4,0,0,0
BRDA:4,0,1,9
BRDA:4,1,0,9
BRDA:4,1,1,9
BRDA:4,1,2,9
BRDA:4,1,3,9
BRDA:6,2,0,1
BRDA:6,2,1,8
BRDA:8,3,0,4
BRDA:8,3,1,4
BRDA:8,4,0,8
BRDA:8,4,1,8
BRDA:8,4,2,4
BRF:13
BRH:12
end_of_record
